<?xml version="1.0" encoding="UTF-8"?>
<testng-results ignored="0" total="1" passed="1" failed="0" skipped="0">
  <reporter-output>
  </reporter-output>
  <suite started-at="2023-03-07T15:06:03 IST" name="Default suite" finished-at="2023-03-07T15:06:08 IST" duration-ms="5752">
    <groups>
    </groups>
    <test started-at="2023-03-07T15:06:03 IST" name="Default test" finished-at="2023-03-07T15:06:08 IST" duration-ms="5752">
      <class name="abc.TestScript2">
        <test-method signature="testAmazon()[pri:0, instance:abc.TestScript2@5c30a9b0]" started-at="2023-03-07T15:06:03 IST" name="testAmazon" finished-at="2023-03-07T15:06:08 IST" duration-ms="5672" status="PASS">
          <reporter-output>
          </reporter-output>
        </test-method> <!-- testAmazon -->
      </class> <!-- abc.TestScript2 -->
    </test> <!-- Default test -->
  </suite> <!-- Default suite -->
</testng-results>
